{"failedCount":4,"prefixedPath":"src\/test\/java\/petStore\/post\/createPet-post.feature","packageQualifiedName":"src.test.java.petStore.post.createPet-post","loopIndex":-1,"relativePath":"src\/test\/java\/petStore\/post\/createPet-post.feature","scenarioResults":[{"sectionIndex":0,"stepResults":[{"result":{"nanos":105160200,"millis":105.1602,"status":"passed"},"step":{"background":true,"line":4,"prefix":"*","index":0,"text":"url \"petstore.swagger.io\/v2\/pet\""}},{"result":{"nanos":18957300,"errorMessage":"js failed:\n>>>>\n01: \/pet\n<<<<\norg.graalvm.polyglot.PolyglotException: SyntaxError: Unnamed:1:0 Expected an operand but found \/\r\n\/pet\r\n^\n\n- org.graalvm.polyglot.Context.eval(Context.java:401)\n- com.intuit.karate.graal.JsEngine.evalForValue(JsEngine.java:141)\n- com.intuit.karate.graal.JsEngine.eval(JsEngine.java:137)\n- com.intuit.karate.core.ScenarioEngine.evalJs(ScenarioEngine.java:1340)\n- com.intuit.karate.core.ScenarioEngine.path(ScenarioEngine.java:369)\n- com.intuit.karate.ScenarioActions.path(ScenarioActions.java:82)\n- java.base\/jdk.internal.reflect.NativeMethodAccessorImpl.invoke0(Native Method)\n\nsrc\/test\/java\/petStore\/post\/createPet-post.feature:5","millis":18.9573,"status":"failed"},"step":{"background":true,"line":5,"prefix":"*","index":1,"text":"path \/pet"},"stepLog":"18:23:43.464 src\/test\/java\/petStore\/post\/createPet-post.feature:5\n* path \/pet\njs failed:\n>>>>\n01: \/pet\n<<<<\norg.graalvm.polyglot.PolyglotException: SyntaxError: Unnamed:1:0 Expected an operand but found \/\r\n\/pet\r\n^\n\n- org.graalvm.polyglot.Context.eval(Context.java:401)\n- com.intuit.karate.graal.JsEngine.evalForValue(JsEngine.java:141)\n- com.intuit.karate.graal.JsEngine.eval(JsEngine.java:137)\n- com.intuit.karate.core.ScenarioEngine.evalJs(ScenarioEngine.java:1340)\n- com.intuit.karate.core.ScenarioEngine.path(ScenarioEngine.java:369)\n- com.intuit.karate.ScenarioActions.path(ScenarioActions.java:82)\n- java.base\/jdk.internal.reflect.NativeMethodAccessorImpl.invoke0(Native Method)\n\nsrc\/test\/java\/petStore\/post\/createPet-post.feature:5\n"},{"result":{"nanos":0,"millis":0.0,"status":"skipped"},"step":{"background":true,"line":6,"prefix":"*","index":2,"text":"params formatted: true, id: #(id), name: #(name), category.id: #(category.id), tags.id: #(tags.id), status: #(status)"}},{"result":{"nanos":0,"millis":0.0,"status":"skipped"},"step":{"background":true,"line":7,"prefix":"*","index":3,"text":"def responseSuccesful = read(\"response-successful-createPet-post.json\")"}},{"result":{"nanos":0,"millis":0.0,"status":"skipped"},"step":{"line":10,"prefix":"When","index":0,"text":"method post"}},{"result":{"nanos":0,"millis":0.0,"status":"skipped"},"step":{"line":11,"prefix":"Then","index":1,"text":"status 200"}}],"line":15,"description":"","durationMillis":124.1175,"failed":true,"error":"js failed:\n>>>>\n01: \/pet\n<<<<\norg.graalvm.polyglot.PolyglotException: SyntaxError: Unnamed:1:0 Expected an operand but found \/\r\n\/pet\r\n^\n\n- org.graalvm.polyglot.Context.eval(Context.java:401)\n- com.intuit.karate.graal.JsEngine.evalForValue(JsEngine.java:141)\n- com.intuit.karate.graal.JsEngine.eval(JsEngine.java:137)\n- com.intuit.karate.core.ScenarioEngine.evalJs(ScenarioEngine.java:1340)\n- com.intuit.karate.core.ScenarioEngine.path(ScenarioEngine.java:369)\n- com.intuit.karate.ScenarioActions.path(ScenarioActions.java:82)\n- java.base\/jdk.internal.reflect.NativeMethodAccessorImpl.invoke0(Native Method)\n\nsrc\/test\/java\/petStore\/post\/createPet-post.feature:5","executorName":"main","name":"Add a pet","startTime":1715556223329,"refId":"[1.1:15]","endTime":1715556223464,"exampleData":{"id":"1","name":"andres","category.id":"nada","tags.id":"33","status":"avaliable"},"exampleIndex":0},{"sectionIndex":0,"stepResults":[{"result":{"nanos":347200,"millis":0.3472,"status":"passed"},"step":{"background":true,"line":4,"prefix":"*","index":0,"text":"url \"petstore.swagger.io\/v2\/pet\""}},{"result":{"nanos":819900,"errorMessage":"js failed:\n>>>>\n01: \/pet\n<<<<\norg.graalvm.polyglot.PolyglotException: SyntaxError: Unnamed:1:0 Expected an operand but found \/\r\n\/pet\r\n^\n\n- org.graalvm.polyglot.Context.eval(Context.java:401)\n- com.intuit.karate.graal.JsEngine.evalForValue(JsEngine.java:141)\n- com.intuit.karate.graal.JsEngine.eval(JsEngine.java:137)\n- com.intuit.karate.core.ScenarioEngine.evalJs(ScenarioEngine.java:1340)\n- com.intuit.karate.core.ScenarioEngine.path(ScenarioEngine.java:369)\n- com.intuit.karate.ScenarioActions.path(ScenarioActions.java:82)\n- java.base\/jdk.internal.reflect.NativeMethodAccessorImpl.invoke0(Native Method)\n\nsrc\/test\/java\/petStore\/post\/createPet-post.feature:5","millis":0.8199,"status":"failed"},"step":{"background":true,"line":5,"prefix":"*","index":1,"text":"path \/pet"},"stepLog":"18:23:43.472 src\/test\/java\/petStore\/post\/createPet-post.feature:5\n* path \/pet\njs failed:\n>>>>\n01: \/pet\n<<<<\norg.graalvm.polyglot.PolyglotException: SyntaxError: Unnamed:1:0 Expected an operand but found \/\r\n\/pet\r\n^\n\n- org.graalvm.polyglot.Context.eval(Context.java:401)\n- com.intuit.karate.graal.JsEngine.evalForValue(JsEngine.java:141)\n- com.intuit.karate.graal.JsEngine.eval(JsEngine.java:137)\n- com.intuit.karate.core.ScenarioEngine.evalJs(ScenarioEngine.java:1340)\n- com.intuit.karate.core.ScenarioEngine.path(ScenarioEngine.java:369)\n- com.intuit.karate.ScenarioActions.path(ScenarioActions.java:82)\n- java.base\/jdk.internal.reflect.NativeMethodAccessorImpl.invoke0(Native Method)\n\nsrc\/test\/java\/petStore\/post\/createPet-post.feature:5\n"},{"result":{"nanos":0,"millis":0.0,"status":"skipped"},"step":{"background":true,"line":6,"prefix":"*","index":2,"text":"params formatted: true, id: #(id), name: #(name), category.id: #(category.id), tags.id: #(tags.id), status: #(status)"}},{"result":{"nanos":0,"millis":0.0,"status":"skipped"},"step":{"background":true,"line":7,"prefix":"*","index":3,"text":"def responseSuccesful = read(\"response-successful-createPet-post.json\")"}},{"result":{"nanos":0,"millis":0.0,"status":"skipped"},"step":{"line":10,"prefix":"When","index":0,"text":"method post"}},{"result":{"nanos":0,"millis":0.0,"status":"skipped"},"step":{"line":11,"prefix":"Then","index":1,"text":"status 200"}}],"line":16,"description":"","durationMillis":1.1671,"failed":true,"error":"js failed:\n>>>>\n01: \/pet\n<<<<\norg.graalvm.polyglot.PolyglotException: SyntaxError: Unnamed:1:0 Expected an operand but found \/\r\n\/pet\r\n^\n\n- org.graalvm.polyglot.Context.eval(Context.java:401)\n- com.intuit.karate.graal.JsEngine.evalForValue(JsEngine.java:141)\n- com.intuit.karate.graal.JsEngine.eval(JsEngine.java:137)\n- com.intuit.karate.core.ScenarioEngine.evalJs(ScenarioEngine.java:1340)\n- com.intuit.karate.core.ScenarioEngine.path(ScenarioEngine.java:369)\n- com.intuit.karate.ScenarioActions.path(ScenarioActions.java:82)\n- java.base\/jdk.internal.reflect.NativeMethodAccessorImpl.invoke0(Native Method)\n\nsrc\/test\/java\/petStore\/post\/createPet-post.feature:5","executorName":"main","name":"Add a pet","startTime":1715556223471,"refId":"[1.2:16]","endTime":1715556223472,"exampleData":{"id":"-1","name":"4324423","category.id":"bonito","tags.id":"-1","status":"pending"},"exampleIndex":1},{"sectionIndex":0,"stepResults":[{"result":{"nanos":419600,"millis":0.4196,"status":"passed"},"step":{"background":true,"line":4,"prefix":"*","index":0,"text":"url \"petstore.swagger.io\/v2\/pet\""}},{"result":{"nanos":880700,"errorMessage":"js failed:\n>>>>\n01: \/pet\n<<<<\norg.graalvm.polyglot.PolyglotException: SyntaxError: Unnamed:1:0 Expected an operand but found \/\r\n\/pet\r\n^\n\n- org.graalvm.polyglot.Context.eval(Context.java:401)\n- com.intuit.karate.graal.JsEngine.evalForValue(JsEngine.java:141)\n- com.intuit.karate.graal.JsEngine.eval(JsEngine.java:137)\n- com.intuit.karate.core.ScenarioEngine.evalJs(ScenarioEngine.java:1340)\n- com.intuit.karate.core.ScenarioEngine.path(ScenarioEngine.java:369)\n- com.intuit.karate.ScenarioActions.path(ScenarioActions.java:82)\n- java.base\/jdk.internal.reflect.NativeMethodAccessorImpl.invoke0(Native Method)\n\nsrc\/test\/java\/petStore\/post\/createPet-post.feature:5","millis":0.8807,"status":"failed"},"step":{"background":true,"line":5,"prefix":"*","index":1,"text":"path \/pet"},"stepLog":"18:23:43.479 src\/test\/java\/petStore\/post\/createPet-post.feature:5\n* path \/pet\njs failed:\n>>>>\n01: \/pet\n<<<<\norg.graalvm.polyglot.PolyglotException: SyntaxError: Unnamed:1:0 Expected an operand but found \/\r\n\/pet\r\n^\n\n- org.graalvm.polyglot.Context.eval(Context.java:401)\n- com.intuit.karate.graal.JsEngine.evalForValue(JsEngine.java:141)\n- com.intuit.karate.graal.JsEngine.eval(JsEngine.java:137)\n- com.intuit.karate.core.ScenarioEngine.evalJs(ScenarioEngine.java:1340)\n- com.intuit.karate.core.ScenarioEngine.path(ScenarioEngine.java:369)\n- com.intuit.karate.ScenarioActions.path(ScenarioActions.java:82)\n- java.base\/jdk.internal.reflect.NativeMethodAccessorImpl.invoke0(Native Method)\n\nsrc\/test\/java\/petStore\/post\/createPet-post.feature:5\n"},{"result":{"nanos":0,"millis":0.0,"status":"skipped"},"step":{"background":true,"line":6,"prefix":"*","index":2,"text":"params formatted: true, id: #(id), name: #(name), category.id: #(category.id), tags.id: #(tags.id), status: #(status)"}},{"result":{"nanos":0,"millis":0.0,"status":"skipped"},"step":{"background":true,"line":7,"prefix":"*","index":3,"text":"def responseSuccesful = read(\"response-successful-createPet-post.json\")"}},{"result":{"nanos":0,"millis":0.0,"status":"skipped"},"step":{"line":10,"prefix":"When","index":0,"text":"method post"}},{"result":{"nanos":0,"millis":0.0,"status":"skipped"},"step":{"line":11,"prefix":"Then","index":1,"text":"status 200"}}],"line":17,"description":"","durationMillis":1.3003,"failed":true,"error":"js failed:\n>>>>\n01: \/pet\n<<<<\norg.graalvm.polyglot.PolyglotException: SyntaxError: Unnamed:1:0 Expected an operand but found \/\r\n\/pet\r\n^\n\n- org.graalvm.polyglot.Context.eval(Context.java:401)\n- com.intuit.karate.graal.JsEngine.evalForValue(JsEngine.java:141)\n- com.intuit.karate.graal.JsEngine.eval(JsEngine.java:137)\n- com.intuit.karate.core.ScenarioEngine.evalJs(ScenarioEngine.java:1340)\n- com.intuit.karate.core.ScenarioEngine.path(ScenarioEngine.java:369)\n- com.intuit.karate.ScenarioActions.path(ScenarioActions.java:82)\n- java.base\/jdk.internal.reflect.NativeMethodAccessorImpl.invoke0(Native Method)\n\nsrc\/test\/java\/petStore\/post\/createPet-post.feature:5","executorName":"main","name":"Add a pet","startTime":1715556223477,"refId":"[1.3:17]","endTime":1715556223479,"exampleData":{"id":"0,1","name":"jidajwi4324","category.id":"cristian","tags.id":"0,55555","status":"sold"},"exampleIndex":2},{"sectionIndex":0,"stepResults":[{"result":{"nanos":292000,"millis":0.292,"status":"passed"},"step":{"background":true,"line":4,"prefix":"*","index":0,"text":"url \"petstore.swagger.io\/v2\/pet\""}},{"result":{"nanos":896100,"errorMessage":"js failed:\n>>>>\n01: \/pet\n<<<<\norg.graalvm.polyglot.PolyglotException: SyntaxError: Unnamed:1:0 Expected an operand but found \/\r\n\/pet\r\n^\n\n- org.graalvm.polyglot.Context.eval(Context.java:401)\n- com.intuit.karate.graal.JsEngine.evalForValue(JsEngine.java:141)\n- com.intuit.karate.graal.JsEngine.eval(JsEngine.java:137)\n- com.intuit.karate.core.ScenarioEngine.evalJs(ScenarioEngine.java:1340)\n- com.intuit.karate.core.ScenarioEngine.path(ScenarioEngine.java:369)\n- com.intuit.karate.ScenarioActions.path(ScenarioActions.java:82)\n- java.base\/jdk.internal.reflect.NativeMethodAccessorImpl.invoke0(Native Method)\n\nsrc\/test\/java\/petStore\/post\/createPet-post.feature:5","millis":0.8961,"status":"failed"},"step":{"background":true,"line":5,"prefix":"*","index":1,"text":"path \/pet"},"stepLog":"18:23:43.486 src\/test\/java\/petStore\/post\/createPet-post.feature:5\n* path \/pet\njs failed:\n>>>>\n01: \/pet\n<<<<\norg.graalvm.polyglot.PolyglotException: SyntaxError: Unnamed:1:0 Expected an operand but found \/\r\n\/pet\r\n^\n\n- org.graalvm.polyglot.Context.eval(Context.java:401)\n- com.intuit.karate.graal.JsEngine.evalForValue(JsEngine.java:141)\n- com.intuit.karate.graal.JsEngine.eval(JsEngine.java:137)\n- com.intuit.karate.core.ScenarioEngine.evalJs(ScenarioEngine.java:1340)\n- com.intuit.karate.core.ScenarioEngine.path(ScenarioEngine.java:369)\n- com.intuit.karate.ScenarioActions.path(ScenarioActions.java:82)\n- java.base\/jdk.internal.reflect.NativeMethodAccessorImpl.invoke0(Native Method)\n\nsrc\/test\/java\/petStore\/post\/createPet-post.feature:5\n"},{"result":{"nanos":0,"millis":0.0,"status":"skipped"},"step":{"background":true,"line":6,"prefix":"*","index":2,"text":"params formatted: true, id: #(id), name: #(name), category.id: #(category.id), tags.id: #(tags.id), status: #(status)"}},{"result":{"nanos":0,"millis":0.0,"status":"skipped"},"step":{"background":true,"line":7,"prefix":"*","index":3,"text":"def responseSuccesful = read(\"response-successful-createPet-post.json\")"}},{"result":{"nanos":0,"millis":0.0,"status":"skipped"},"step":{"line":10,"prefix":"When","index":0,"text":"method post"}},{"result":{"nanos":0,"millis":0.0,"status":"skipped"},"step":{"line":11,"prefix":"Then","index":1,"text":"status 200"}}],"line":18,"description":"","durationMillis":1.1881,"failed":true,"error":"js failed:\n>>>>\n01: \/pet\n<<<<\norg.graalvm.polyglot.PolyglotException: SyntaxError: Unnamed:1:0 Expected an operand but found \/\r\n\/pet\r\n^\n\n- org.graalvm.polyglot.Context.eval(Context.java:401)\n- com.intuit.karate.graal.JsEngine.evalForValue(JsEngine.java:141)\n- com.intuit.karate.graal.JsEngine.eval(JsEngine.java:137)\n- com.intuit.karate.core.ScenarioEngine.evalJs(ScenarioEngine.java:1340)\n- com.intuit.karate.core.ScenarioEngine.path(ScenarioEngine.java:369)\n- com.intuit.karate.ScenarioActions.path(ScenarioActions.java:82)\n- java.base\/jdk.internal.reflect.NativeMethodAccessorImpl.invoke0(Native Method)\n\nsrc\/test\/java\/petStore\/post\/createPet-post.feature:5","executorName":"main","name":"Add a pet","startTime":1715556223484,"refId":"[1.4:18]","endTime":1715556223486,"exampleData":{"id":"1\/1","name":"***##*ZZ","category.id":"3242343","tags.id":"3213213","status":"sold"},"exampleIndex":3}],"callDepth":0,"name":"Add a pet to the store","description":"","resultDate":"2024-05-12 06:23:43 p.Â m.","durationMillis":127.773,"passedCount":0}